<?xml version="1.0" encoding="UTF-8"?>
<testsuite name="com.example.blog.PostResourceTest" tests="5" skipped="0" failures="0" errors="0" timestamp="2025-07-07T22:11:44" hostname="glebmish-PC" time="0.002">
  <properties/>
  <testcase name="testPostCreation" classname="com.example.blog.PostResourceTest" time="0.001"/>
  <testcase name="testPostTimestamps" classname="com.example.blog.PostResourceTest" time="0.0"/>
  <testcase name="testPostDefaultConstructor" classname="com.example.blog.PostResourceTest" time="0.0"/>
  <testcase name="testPostConstructorWithParameters" classname="com.example.blog.PostResourceTest" time="0.0"/>
  <testcase name="testPostGettersAndSetters" classname="com.example.blog.PostResourceTest" time="0.0"/>
  <system-out><![CDATA[]]></system-out>
  <system-err><![CDATA[]]></system-err>
</testsuite>
